<?xml version="1.0" encoding="UTF-8"?>
<testng-results skipped="0" failed="0" ignored="0" total="1" passed="1">
  <reporter-output>
  </reporter-output>
  <suite name="Default suite" duration-ms="51448" started-at="2018-11-10T14:23:26Z" finished-at="2018-11-10T14:24:18Z">
    <groups>
    </groups>
    <test name="Default test" duration-ms="51448" started-at="2018-11-10T14:23:26Z" finished-at="2018-11-10T14:24:18Z">
      <class name="testcaseDefinationLayer.LoginCRM">
        <test-method status="PASS" signature="logincrm()[pri:0, instance:testcaseDefinationLayer.LoginCRM@eac852]" name="logincrm" duration-ms="48889" started-at="2018-11-10T14:23:26Z" finished-at="2018-11-10T14:24:15Z">
          <reporter-output>
          </reporter-output>
        </test-method> <!-- logincrm -->
        <test-method status="PASS" signature="closeereport()[pri:0, instance:testcaseDefinationLayer.LoginCRM@eac852]" name="closeereport" is-config="true" duration-ms="2355" started-at="2018-11-10T14:24:15Z" finished-at="2018-11-10T14:24:18Z">
          <reporter-output>
          </reporter-output>
        </test-method> <!-- closeereport -->
      </class> <!-- testcaseDefinationLayer.LoginCRM -->
    </test> <!-- Default test -->
  </suite> <!-- Default suite -->
</testng-results>
